# Preference setting overrides
gui_create_pref_key -category {Globals} -key {load_detail_for_funcov} -value_type {bool} -value {false}
gui_create_pref_category -category {schem_obj_name}
gui_create_pref_key -category {schem_obj_name} -key {show_cell_and_pin_with_symbol_name} -value_type {bool} -value {false}
gui_create_pref_key -category {schem_pin_hc} -key {textExtFont} -value_type {string} -value {Helvetica,10,-1,5,50,0,0,0,0,0}

# State setting overrides
gui_state_default_create -off -ini
gui_set_state_value -category Layout -key child_console_size_x -value 848
gui_set_state_value -category Layout -key child_console_size_y -value 223
gui_set_state_value -category Layout -key child_data_size_x -value 105
gui_set_state_value -category Layout -key child_data_size_y -value 502
gui_set_state_value -category Layout -key child_driver_size_x -value 1424
gui_set_state_value -category Layout -key child_driver_size_y -value 179
gui_set_state_value -category Layout -key child_hier_col3 -value {-1}
gui_set_state_value -category Layout -key child_hier_colhier -value 306
gui_set_state_value -category Layout -key child_hier_colpd -value 0
gui_set_state_value -category Layout -key child_hier_coltype -value 10
gui_set_state_value -category Layout -key child_hier_size_x -value 218
gui_set_state_value -category Layout -key child_hier_size_y -value 502
gui_set_state_value -category Layout -key child_schematic_docknewline -value false
gui_set_state_value -category Layout -key child_schematic_pos_x -value {-2}
gui_set_state_value -category Layout -key child_schematic_pos_y -value {-15}
gui_set_state_value -category Layout -key child_schematic_size_x -value 528
gui_set_state_value -category Layout -key child_schematic_size_y -value 504
gui_set_state_value -category Layout -key child_source_docknewline -value false
gui_set_state_value -category Layout -key child_source_pos_x -value {-2}
gui_set_state_value -category Layout -key child_source_pos_y -value {-15}
gui_set_state_value -category Layout -key child_source_size_x -value 528
gui_set_state_value -category Layout -key child_source_size_y -value 497
gui_set_state_value -category Layout -key child_watch_size_x -value 1706
gui_set_state_value -category Layout -key child_watch_size_y -value 211
gui_set_state_value -category Layout -key child_wave_colname -value 236
gui_set_state_value -category Layout -key child_wave_colvalue -value 236
gui_set_state_value -category Layout -key child_wave_docknewline -value false
gui_set_state_value -category Layout -key child_wave_left -value 477
gui_set_state_value -category Layout -key child_wave_pos_x -value {-2}
gui_set_state_value -category Layout -key child_wave_pos_y -value {-15}
gui_set_state_value -category Layout -key child_wave_right -value 1164
gui_set_state_value -category Layout -key child_wave_size_x -value 1711
gui_set_state_value -category Layout -key child_wave_size_y -value 568
gui_set_state_value -category Layout -key main_pos_x -value 8
gui_set_state_value -category Layout -key main_pos_y -value 31
gui_set_state_value -category Layout -key main_size_x -value 856
gui_set_state_value -category Layout -key main_size_y -value 902
gui_set_state_value -category Layout -key stand_wave_child_docknewline -value false
gui_set_state_value -category Layout -key stand_wave_child_pos_x -value {-2}
gui_set_state_value -category Layout -key stand_wave_child_pos_y -value {-15}
gui_set_state_value -category Layout -key stand_wave_child_size_x -value 1651
gui_set_state_value -category Layout -key stand_wave_child_size_y -value 762
gui_set_state_value -category Layout -key stand_wave_top_pos_x -value 8
gui_set_state_value -category Layout -key stand_wave_top_pos_y -value 31
gui_set_state_value -category Layout -key stand_wave_top_size_x -value 1654
gui_set_state_value -category Layout -key stand_wave_top_size_y -value 897
gui_create_state_key -category FindDialog -key m_pMatchCase -value_type bool -value false
gui_create_state_key -category FindDialog -key m_pMatchWord -value_type bool -value false
gui_create_state_key -category FindDialog -key m_pUseCombo -value_type string -value {}
gui_create_state_key -category FindDialog -key m_pWrapAround -value_type bool -value true
gui_create_state_key -category Widget_History -key {dlgSimSetup|m_setupTab|tab pages|BuildTab|m_rebuildBtnGroup|m_customCmdCombo} -value_type string -value {{source ./run} ./run {source ./run_digitalControlBlock} {source ./run_encoder}}
gui_create_state_key -category Widget_History -key {dlgSimSetup|m_setupTab|tab pages|BuildTab|m_rebuildBtnGroup|m_customDirCombo} -value_type string -value {./ / /afs/ee.ust.hk/staff/ee/bxieaf/eesm5020/bk_adder/behav_sim/}
gui_create_state_key -category Widget_History -key {dlgSimSetup|m_setupTab|tab pages|SimTab|m_VPDCombo} -value_type string -value inter.vpd
gui_create_state_key -category Widget_History -key {dlgSimSetup|m_setupTab|tab pages|SimTab|m_argsCombo} -value_type string -value {{-ucligui }}
gui_create_state_key -category Widget_History -key {dlgSimSetup|m_setupTab|tab pages|SimTab|m_curDirCombo} -value_type string -value {/afs/ee.ust.hk/staff/ee/bxieaf/eesm6980/implementation_8Update/syn_sim /afs/ee.ust.hk/staff/ee/bxieaf/eesm5020/digitalFilter/syn_sim /afs/ee.ust.hk/staff/ee/bxieaf/eesm5020/digitalFilter/behav_sim /afs/ee.ust.hk/staff/ee/bxieaf/eesm5020/FIR_FILTER/behav_sim /afs/ee.ust.hk/staff/ee/bxieaf/eesm6980/implementation_9/behav_sim}
gui_create_state_key -category Widget_History -key {dlgSimSetup|m_setupTab|tab pages|SimTab|m_exeCombo} -value_type string -value {/afs/ee.ust.hk/staff/ee/bxieaf/eesm6980/implementation_8Update/syn_sim/simv ./simv /afs/ee.ust.hk/staff/ee/bxieaf/eesm5020/digitalFilter/behav_sim/simv /afs/ee.ust.hk/staff/ee/bxieaf/eesm5020/FIR_FILTER/behav_sim/simv /afs/ee.ust.hk/staff/ee/bxieaf/eesm6980/implementation_9/behav_sim/simv}
gui_state_default_create -off

# Begin command logging
gui_sim_run Ucli -exe ./simv -args {-ucligui  } -dir .
gui_list_expand -id  Hier.1   delayBlock_tb
gui_list_expand -id  Hier.1   delayBlock_tb.uut
gui_list_select -id Hier.1 -current_item_name delayBlock_tb.uut -current_item_type Scope  -selected  { delayBlock_tb.uut   }
gui_list_select -id Hier.1 -current_item_name delayBlock_tb.uut.counter1 -current_item_type Scope  -selected  { delayBlock_tb.uut  delayBlock_tb.uut.comp1  delayBlock_tb.uut.counter1   }
gui_open_window Wave
gui_list_add -id Wave.1 -from Hier.1 { delayBlock_tb.uut delayBlock_tb.uut.comp1 delayBlock_tb.uut.counter1 } -insertionbar
gui_sim_continue  
gui_zoom -window Wave.1 -full
gui_set_env SIMSETUP::SIMCURRENTDIR /afs/ee.ust.hk/staff/ee/bxieaf/eesm6980/implementation_8Update/behav_sim
gui_sim_restart -build {source ./run_delayBlock}
gui_sim_continue  
gui_zoom -window Wave.1 -full
gui_list_select -id Wave.1 -selected  { delayBlock_tb.uut.counter1.Ld   }
gui_list_select -id Wave.1 -selected  { delayBlock_tb.uut.counter1.out   }
gui_list_select -id Wave.1 -selected  { delayBlock_tb.uut.counter1.EN   }
gui_list_select -id Wave.1 -selected  { delayBlock_tb.uut.compOut   }
gui_marker_move -id  Wave.1 C1 36500
gui_marker_move -id  Wave.1 C1 37500
gui_marker_move -id  Wave.1 C1 38500
gui_marker_move -id  Wave.1 C1 39500
gui_marker_move -id  Wave.1 C1 40500
gui_marker_move -id  Wave.1 C1 41500
gui_marker_move -id  Wave.1 C1 37000
gui_marker_move -id  Wave.1 C1 37500
gui_marker_move -id  Wave.1 C1 38500
gui_marker_move -id  Wave.1 C1 39500
gui_marker_move -id  Wave.1 C1 40500
gui_marker_move -id  Wave.1 C1 42000
gui_marker_move -id  Wave.1 C1 41000
gui_marker_move -id  Wave.1 C1 41500
gui_close_window -window TopLevel.2
