 
****************************************
Report : area
Design : encoder
Version: P-2019.03-SP5
Date   : Fri Apr 29 02:43:59 2022
****************************************

Library(s) Used:

    GSCLib.db (File: /afs/ee.ust.hk/staff/ee/bxieaf/eesm6980/implementation_9/lib/GSCLib.db)

Number of ports:                           68
Number of nets:                           159
Number of cells:                          104
Number of combinational cells:             57
Number of sequential cells:                17
Number of macros/black boxes:               0
Number of buf/inv:                         25
Number of references:                       6

Combinational area:                  0.000000
Buf/Inv area:                        0.000000
Noncombinational area:               0.000000
Macro/Black Box area:                0.000000
Net Interconnect area:      undefined  (No wire load specified)

Total cell area:                     0.000000
Total area:                 undefined
1
