# Preference setting overrides
gui_create_pref_key -category {Globals} -key {load_detail_for_funcov} -value_type {bool} -value {false}
gui_create_pref_category -category {schem_obj_name}
gui_create_pref_key -category {schem_obj_name} -key {show_cell_and_pin_with_symbol_name} -value_type {bool} -value {false}
gui_create_pref_key -category {schem_pin_hc} -key {textExtFont} -value_type {string} -value {Helvetica,10,-1,5,50,0,0,0,0,0}

# State setting overrides
gui_state_default_create -off -ini
gui_set_state_value -category Layout -key child_console_size_x -value 921
gui_set_state_value -category Layout -key child_console_size_y -value 145
gui_set_state_value -category Layout -key child_data_size_x -value 248
gui_set_state_value -category Layout -key child_data_size_y -value 507
gui_set_state_value -category Layout -key child_hier_col3 -value {-1}
gui_set_state_value -category Layout -key child_hier_colpd -value 0
gui_set_state_value -category Layout -key child_hier_size_x -value 140
gui_set_state_value -category Layout -key child_hier_size_y -value 507
gui_set_state_value -category Layout -key child_schematic_docknewline -value false
gui_set_state_value -category Layout -key child_schematic_pos_x -value {-2}
gui_set_state_value -category Layout -key child_schematic_pos_y -value {-15}
gui_set_state_value -category Layout -key child_schematic_size_x -value 1088
gui_set_state_value -category Layout -key child_schematic_size_y -value 562
gui_set_state_value -category Layout -key child_source_docknewline -value false
gui_set_state_value -category Layout -key child_source_pos_x -value {-2}
gui_set_state_value -category Layout -key child_source_pos_y -value {-21}
gui_set_state_value -category Layout -key child_source_size_x -value 536
gui_set_state_value -category Layout -key child_source_size_y -value 503
gui_set_state_value -category Layout -key child_wave_colname -value 310
gui_set_state_value -category Layout -key child_wave_colvalue -value 219
gui_set_state_value -category Layout -key child_wave_left -value 534
gui_set_state_value -category Layout -key child_wave_right -value 1302
gui_set_state_value -category Layout -key main_pos_x -value 73
gui_set_state_value -category Layout -key main_pos_y -value 70
gui_set_state_value -category Layout -key main_size_x -value 994
gui_set_state_value -category Layout -key main_size_y -value 884
gui_set_state_value -category Layout -key stand_wave_child_docknewline -value false
gui_set_state_value -category Layout -key stand_wave_child_pos_x -value {-2}
gui_set_state_value -category Layout -key stand_wave_child_pos_y -value {-21}
gui_set_state_value -category Layout -key stand_wave_child_size_x -value 1846
gui_set_state_value -category Layout -key stand_wave_child_size_y -value 776
gui_set_state_value -category Layout -key stand_wave_top_pos_x -value 0
gui_set_state_value -category Layout -key stand_wave_top_pos_y -value 29
gui_set_state_value -category Layout -key stand_wave_top_size_x -value 1841
gui_set_state_value -category Layout -key stand_wave_top_size_y -value 939
gui_create_state_key -category FindDialog -key m_pMatchCase -value_type bool -value false
gui_create_state_key -category FindDialog -key m_pMatchWord -value_type bool -value false
gui_create_state_key -category FindDialog -key m_pUseCombo -value_type string -value {}
gui_create_state_key -category FindDialog -key m_pWrapAround -value_type bool -value true
gui_create_state_key -category Widget_History -key {dlgSimSetup|m_setupTab|tab pages|BuildTab|m_rebuildBtnGroup|m_customCmdCombo} -value_type string -value ./run
gui_create_state_key -category Widget_History -key {dlgSimSetup|m_setupTab|tab pages|BuildTab|m_rebuildBtnGroup|m_customDirCombo} -value_type string -value ./
gui_create_state_key -category Widget_History -key {dlgSimSetup|m_setupTab|tab pages|SimTab|m_VPDCombo} -value_type string -value inter.vpd
gui_create_state_key -category Widget_History -key {dlgSimSetup|m_setupTab|tab pages|SimTab|m_curDirCombo} -value_type string -value /afs/ee.ust.hk/staff/ee/jrenal/eesm5020_design/vlsi_project-master/divider/behav_sim
gui_create_state_key -category Widget_History -key {dlgSimSetup|m_setupTab|tab pages|SimTab|m_exeCombo} -value_type string -value ./simv
gui_state_default_create -off

# Begin command logging
gui_sim_run Ucli -exe ./simv -args {-ucligui  } -dir .
gui_list_select -id Data.1 -selected  { manchester_dec_tb.manchester_data   }
gui_list_select_all -id Data.1
gui_open_window Wave
gui_list_add -id Wave.1 -from Data.1 { manchester_dec_tb.recovered_data manchester_dec_tb.balanced_clk manchester_dec_tb.manchester_data manchester_dec_tb.osc manchester_dec_tb.rst_n } -insertionbar
gui_sim_continue  
gui_zoom -window Wave.1 -full
gui_zoom -window Wave.1 -factor 2
gui_wv_scrollleft -id  Wave.1  page
gui_close_window -window TopLevel.2
