
                           Design Compiler Graphical 
                                 DC Ultra (TM)
                                  DFTMAX (TM)
                              Power Compiler (TM)
                                 DesignWare (R)
                                 DC Expert (TM)
                               Design Vision (TM)
                               HDL Compiler (TM)
                               VHDL Compiler (TM)
                                  DFT Compiler
                               Design Compiler(R)

               Version P-2019.03-SP5 for linux64 - Oct 17, 2019 

                    Copyright (c) 1988 - 2019 Synopsys, Inc.
   This software and the associated documentation are proprietary to Synopsys,
 Inc. This software may only be used in accordance with the terms and conditions
 of a written license agreement with Synopsys, Inc. All other use, reproduction,
            or distribution of this software is strictly prohibited.
Initializing...
################################################################################
# Filename: dc.tcl
# Author: XIE BAOHUI
# Email: bxieaf@connect.ust.hk
# Affiliation: Hong Kong University of Science and Technology
# -------------------------------------------------------------------------------
# This is the template Design Compiler script for ELEC5160/EESM5020.
################################################################################
################################################################################
# Step 0: create directories for results and reports
################################################################################
file mkdir reports; # store area, timing, power reports
file mkdir results; # store design
################################################################################
# Step 1: digital standard cell library set up
# You should specify the following paths accordingly:
# - search_path
# - target_library
# - link_library
################################################################################
set_app_var search_path "/afs/ee.ust.hk/staff/ee/dept/public/eesm6980/digital/GSCLib3/GSCLib_3.0 $search_path"
/afs/ee.ust.hk/staff/ee/dept/public/eesm6980/digital/GSCLib3/GSCLib_3.0 . /usr/eelocal/synopsys/syn-vp2019.03-sp5/libraries/syn /usr/eelocal/synopsys/syn-vp2019.03-sp5/dw/syn_ver /usr/eelocal/synopsys/syn-vp2019.03-sp5/dw/sim_ver
set_app_var target_library "/afs/ee.ust.hk/staff/ee/bxieaf/eesm6980/implementation_9/lib/GSCLib.db"
/afs/ee.ust.hk/staff/ee/bxieaf/eesm6980/implementation_9/lib/GSCLib.db
set_app_var synthetic_library dw_foundation.sldb
dw_foundation.sldb
set_app_var link_library "/afs/ee.ust.hk/staff/ee/bxieaf/eesm6980/implementation_9/lib/GSCLib.db"
/afs/ee.ust.hk/staff/ee/bxieaf/eesm6980/implementation_9/lib/GSCLib.db
set_app_var symbol_library "/afs/ee.ust.hk/staff/ee/bxieaf/eesm6980/implementation_9/lib/basic.sdb"
/afs/ee.ust.hk/staff/ee/bxieaf/eesm6980/implementation_9/lib/basic.sdb
################################################################################
# Step 2: import design
# You should specify the HDL files for your design accordingly.
# Note: the HDL files should be located in the search_path you defined above.
# Please do NOT import testbench or behavior memory model here.
################################################################################
define_design_lib WORK -path ./WORK
1
analyze -format verilog {../rtl/encoder.v}
Running PRESTO HDLC
Compiling source file ../rtl/encoder.v
Presto compilation completed successfully.
Loading db file '/afs/ee.ust.hk/staff/ee/bxieaf/eesm6980/implementation_9/lib/GSCLib.db'
1
elaborate encoder; # top module name
Loading db file '/usr/eelocal/synopsys/syn-vp2019.03-sp5/libraries/syn/gtech.db'
Loading db file '/usr/eelocal/synopsys/syn-vp2019.03-sp5/libraries/syn/standard.sldb'
  Loading link library 'GSCLib.db'
  Loading link library 'gtech'
Running PRESTO HDLC
Presto compilation completed successfully. (encoder)
Loading db file '/usr/eelocal/synopsys/syn-vp2019.03-sp5/libraries/syn/dw_foundation.sldb'
Elaborated 1 design.
Current design is now 'encoder'.
Information: Building the design 'DFF_encoder'. (HDL-193)

Inferred memory devices in process
	in routine DFF_encoder line 146 in file
		'../rtl/encoder.v'.
===============================================================================
|    Register Name    |   Type    | Width | Bus | MB | AR | AS | SR | SS | ST |
===============================================================================
|        Q_reg        | Flip-flop |   1   |  N  | N  | Y  | N  | N  | N  | N  |
===============================================================================
Presto compilation completed successfully. (DFF_encoder)
Information: Building the design 'DIV8CLK'. (HDL-193)

Inferred memory devices in process
	in routine DIV8CLK line 122 in file
		'../rtl/encoder.v'.
===============================================================================
|    Register Name    |   Type    | Width | Bus | MB | AR | AS | SR | SS | ST |
===============================================================================
|      count_reg      | Flip-flop |   2   |  Y  | N  | Y  | N  | N  | N  | N  |
|      count_reg      | Flip-flop |   1   |  N  | N  | N  | Y  | N  | N  | N  |
|     reverse_reg     | Flip-flop |   1   |  N  | N  | Y  | N  | N  | N  | N  |
===============================================================================
Presto compilation completed successfully. (DIV8CLK)
Information: Building the design 'metastablility_corrected_reData'. (HDL-193)
Presto compilation completed successfully. (metastablility_corrected_reData)
Information: Building the design 'IDLEdetection'. (HDL-193)
Presto compilation completed successfully. (IDLEdetection)
Information: Building the design 'FSM'. (HDL-193)

Statistics for case statements in always block at line 55 in file
	'../rtl/encoder.v'
===============================================
|           Line           |  full/ parallel  |
===============================================
|            59            |    auto/auto     |
===============================================

Statistics for case statements in always block at line 90 in file
	'../rtl/encoder.v'
===============================================
|           Line           |  full/ parallel  |
===============================================
|            94            |    auto/auto     |
===============================================

Inferred memory devices in process
	in routine FSM line 45 in file
		'../rtl/encoder.v'.
===============================================================================
|    Register Name    |   Type    | Width | Bus | MB | AR | AS | SR | SS | ST |
===============================================================================
|      state_reg      | Flip-flop |   3   |  Y  | N  | Y  | N  | N  | N  | N  |
===============================================================================
Presto compilation completed successfully. (FSM)
Information: Building the design 'edgeDetector'. (HDL-193)

Inferred memory devices in process
	in routine edgeDetector line 276 in file
		'../rtl/encoder.v'.
===============================================================================
|    Register Name    |   Type    | Width | Bus | MB | AR | AS | SR | SS | ST |
===============================================================================
|    x1Out_dly_reg    | Flip-flop |   1   |  N  | N  | N  | N  | N  | N  | N  |
===============================================================================
Presto compilation completed successfully. (edgeDetector)
Information: Building the design 'Counter4Bit'. (HDL-193)

Inferred memory devices in process
	in routine Counter4Bit line 251 in file
		'../rtl/encoder.v'.
===============================================================================
|    Register Name    |   Type    | Width | Bus | MB | AR | AS | SR | SS | ST |
===============================================================================
|      count_reg      | Flip-flop |   4   |  Y  | N  | Y  | N  | N  | N  | N  |
===============================================================================
Presto compilation completed successfully. (Counter4Bit)
Information: Building the design 'Comparator4Bit'. (HDL-193)

Statistics for case statements in always block at line 221 in file
	'../rtl/encoder.v'
===============================================
|           Line           |  full/ parallel  |
===============================================
|           222            |    auto/auto     |
===============================================
Presto compilation completed successfully. (Comparator4Bit)
Information: Building the design 'DFF_IDLE'. (HDL-193)

Inferred memory devices in process
	in routine DFF_IDLE line 296 in file
		'../rtl/encoder.v'.
===============================================================================
|    Register Name    |   Type    | Width | Bus | MB | AR | AS | SR | SS | ST |
===============================================================================
|        Q_reg        | Flip-flop |   1   |  N  | N  | Y  | Y  | N  | N  | N  |
===============================================================================
Presto compilation completed successfully. (DFF_IDLE)
1
# store the unmapped results
write -hierarchy -format ddc -output results/encoder.unmapped.ddc
Writing ddc file 'results/encoder.unmapped.ddc'.
1
################################################################################
# Step 3: constrain your design
# You should specify the critical path, the input & output delay and the
# environment attribute of your design, so that Design Compiler can correctly
# synthesize your design with the required specfication.
################################################################################
# All the constraints are written in the following tcl script
source encoder.constraints.tcl
1
################################################################################
# Create default path groups
#
# Seperate these paths can help improve optimization results.
################################################################################
set ports_clock_root   [filter_collection [get_attribute [get_clocks] sources] object_class==port]
{clk}
group_path -name REGOUT -to [all_outputs]
1
group_path -name REGIN -from [remove_from_collection [all_inputs]   ${ports_clock_root}]
1
group_path -name FEEDTHROUGH -from   [remove_from_collection [all_inputs] ${ports_clock_root}] -to [all_outputs]
1
################################################################################
# Apply Additional Optimization Constraints
################################################################################
# Prevent assignment statements in the Verilog netlist.
set_fix_multiple_port_nets -all -buffer_constants
1
################################################################################
# Check for Design Errors. It is a good habit to check the design before you run
# the synthesis.
################################################################################
check_design -summary
 
****************************************
check_design summary:
Version:     P-2019.03-SP5
Date:        Fri Apr 29 02:43:56 2022
****************************************

                   Name                                            Total
--------------------------------------------------------------------------------
Cells                                                               2
    Cells do not drive (LINT-1)                                     2
--------------------------------------------------------------------------------

Information: Use the 'check_design' command for 
	 more information about warnings. (LINT-98)

1
check_design > reports/encoder.check_design.rpt; # dump to the file
################################################################################
# Step 4: compile the design
# There exits lots of option for compile command. Please check the manual of
# compile for further info.
################################################################################
compile
Warning: The following synthetic libraries should be added to 
	the list of link libraries: 
	'dw_foundation.sldb'. (UISN-26)
Information: Checking out the license 'DesignWare'. (SEC-104)
Information: Evaluating DesignWare library utilization. (UISN-27)

============================================================================
| DesignWare Building Block Library  |         Version         | Available |
============================================================================
| Basic DW Building Blocks           | P-2019.03-DWBB_201903.4 |     *     |
| Licensed DW Building Blocks        | P-2019.03-DWBB_201903.4 |     *     |
============================================================================


Information: There are 2 potential problems in your design. Please run 'check_design' for more information. (LINT-99)



  Beginning Pass 1 Mapping
  ------------------------
  Processing 'FSM'
  Processing 'DFF_IDLE'
  Processing 'Comparator4Bit'
  Processing 'Counter4Bit'
  Processing 'edgeDetector'
  Processing 'IDLEdetection'
  Processing 'DFF_encoder_0'
  Processing 'metastablility_corrected_reData'
  Processing 'DIV8CLK'
  Processing 'encoder'

  Updating timing information
Information: Updating design information... (UID-85)

  Beginning Mapping Optimizations  (Medium effort)
  -------------------------------

                                  TOTAL                                      
   ELAPSED            WORST NEG   SETUP    DESIGN                            
    TIME      AREA      SLACK     COST    RULE COST         ENDPOINT         
  --------- --------- --------- --------- --------- -------------------------
    0:00:01       0.0      0.00       0.0       0.4                          
    0:00:01       0.0      0.00       0.0       0.4                          
    0:00:01       0.0      0.00       0.0       0.4                          
    0:00:01       0.0      0.00       0.0       0.4                          
    0:00:01       0.0      0.00       0.0       0.4                          
    0:00:01       0.0      0.00       0.0       0.4                          
    0:00:01       0.0      0.00       0.0       0.4                          
    0:00:01       0.0      0.00       0.0       0.4                          
    0:00:01       0.0      0.00       0.0       0.4                          
    0:00:01       0.0      0.00       0.0       0.0                          
    0:00:01       0.0      0.00       0.0       0.0                          
    0:00:01       0.0      0.00       0.0       0.0                          
    0:00:01       0.0      0.00       0.0       0.0                          



  Beginning Delay Optimization Phase
  ----------------------------------

                                  TOTAL                                      
   ELAPSED            WORST NEG   SETUP    DESIGN                            
    TIME      AREA      SLACK     COST    RULE COST         ENDPOINT         
  --------- --------- --------- --------- --------- -------------------------
    0:00:01       0.0      0.00       0.0       0.0                          
    0:00:01       0.0      0.00       0.0       0.0                          
    0:00:01       0.0      0.00       0.0       0.0                          


  Beginning Area-Recovery Phase  (cleanup)
  -----------------------------

                                  TOTAL                                      
   ELAPSED            WORST NEG   SETUP    DESIGN                            
    TIME      AREA      SLACK     COST    RULE COST         ENDPOINT         
  --------- --------- --------- --------- --------- -------------------------
    0:00:01       0.0      0.00       0.0       0.0                          
    0:00:01       0.0      0.00       0.0       0.0                          
    0:00:01       0.0      0.00       0.0       0.0                          
    0:00:01       0.0      0.00       0.0       0.0                          
    0:00:01       0.0      0.00       0.0       0.0                          
    0:00:01       0.0      0.00       0.0       0.0                          
    0:00:01       0.0      0.00       0.0       0.0                          
    0:00:01       0.0      0.00       0.0       0.0                          
    0:00:01       0.0      0.00       0.0       0.0                          
    0:00:01       0.0      0.00       0.0       0.0                          
    0:00:01       0.0      0.00       0.0       0.0                          
Loading db file '/afs/ee.ust.hk/staff/ee/bxieaf/eesm6980/implementation_9/lib/GSCLib.db'


Note: Symbol # after min delay cost means estimated hold TNS across all active scenarios 


  Optimization Complete
  ---------------------
1
################################################################################
# Note: compile_ultra does not work for some open source libraries, i.e. Nangate
# since there are some cells missing for these libraries.
# Sol: use compile instead. You can use compile_ultra for the commerial library
# such TSMC45nm, which has a complete set of gates supported.
#
# compile_ultra -no_autoungroup; # keep hierarchy for the purpose of debug
################################################################################
# High-effort area optimization which improves the area without degrading the
# timing or leakage of the compiled design
optimize_netlist -area
Warning: The following synthetic libraries should be added to 
	the list of link libraries: 
	'dw_foundation.sldb'. (UISN-26)
Information: Performing power optimization. (PWR-850)
Alib files are up-to-date.
Warning: The following synthetic libraries should be added to 
	the list of link libraries: 
	'dw_foundation.sldb'. (UISN-26)

Loading db file '/afs/ee.ust.hk/staff/ee/bxieaf/eesm6980/implementation_9/lib/GSCLib.db'
Loaded alib file './alib-52/GSCLib.db.alib'

  Updating timing information


  Beginning Area Optimization
  -----------------------------

                                  TOTAL                                                
   ELAPSED            WORST NEG   SETUP    DESIGN                              LEAKAGE 
    TIME      AREA      SLACK     COST    RULE COST         ENDPOINT            POWER  
  --------- --------- --------- --------- --------- ------------------------- ---------
    0:00:02       0.0      0.00       0.0       0.0                             11.2644
Loading db file '/afs/ee.ust.hk/staff/ee/bxieaf/eesm6980/implementation_9/lib/GSCLib.db'


Note: Symbol # after min delay cost means estimated hold TNS across all active scenarios 


  Optimization Complete
  ---------------------
1
################################################################################
# Step 5: write out final design and reports
# The files include:
# - .ddc: binary format used for subsequent Design Compiler sessions
# - .v: Verilog netlist for gate-level simulation and P&R
# - .sdf: SDF backannotated file containing gate and net latency
# - .sdc: SDC constraints for ASCII flow
################################################################################
change_names -rules verilog -hierarchy
Warning: The specified replacement character (_) is conflicting with the specified allowed or restricted character.   (UCN-4)
1
# Write out design
write -format verilog -hierarchy -output results/encoder.mapped.v
Writing verilog file '/afs/ee.ust.hk/staff/ee/bxieaf/eesm6980/implementation_9/syn/results/encoder.mapped.v'.
1
write -format ddc -hierarchy -output results/encoder.mapped.ddc
Writing ddc file 'results/encoder.mapped.ddc'.
1
write_sdf results/encoder.mapped.sdf
Information: Annotated 'cell' delays are assumed to include load delay. (UID-282)
Information: Writing timing information to file '/afs/ee.ust.hk/staff/ee/bxieaf/eesm6980/implementation_9/syn/results/encoder.mapped.sdf'. (WT-3)
Information: Updating design information... (UID-85)
1
write_sdc -nosplit results/encoder.mapped.sdc
1
# Generate reports
report_qor > reports/encoder.mapped.qor.rpt
report_timing -transition_time -nets -attribute -nosplit   > reports/encoder.mapped.timing.rpt
report_area -nosplit > reports/encoder.mapped.area.rpt
report_power -nosplit > reports/encoder.mapped.power.rpt
################################################################################
# Exit Design Compiler
################################################################################
exit

Thank you...
