03:46:27    16 -->                                                             [tcl] ucliGUI::connect -toolargs -ucligui -toolexe ./simv -pid 13664 -toolin /tmp/vcs_20220503194623_13663_bxieaf..stdin -toolout /tmp/vcs_20220503194623_13663_bxieaf..stdout  
03:46:27    17 -->                                                                 [tcl] set ucliGUI::state
03:46:27    18 -->                                                                     [tcl] gui_update_simulator_buttons
03:46:29    19 -->                                                                         [tcl] set ucliGUI::state
03:46:29    20 -->                                                                             [tcl] ucliCore::getToolPID
03:46:29    21 -->                                                                                 [tcl] synopsys::env hasTB
03:46:29    22 -->                                                                                     [tcl] trigger_hier_stack_context_switch 0
03:46:29    23 -->                                                                                         [tcl] synUtils::setDVEInitPhase 1
03:46:29    24 -->                                                                                             [tcl] gui_get_env SIMSETUP::SIMVPD
03:46:29    25 --> ...  [tcl] synopsys::dump -type VPD -file /afs/ee.ust.hk/staff/ee/bxieaf/eesm6980/implementation_8Update/layout_sim/inter.vpd -locking
03:46:29    26 --> ...      [tcl] synopsys::dump -autoflush on -fid VPD0
03:46:29    27 --> ...          [tcl] set ::dve_fid VPD0
03:46:29    28 --> ...              [tcl] synUtils::setDVEInitPhase 0
03:46:29    29 --> ...                  [tcl] ucliCore::getToolPID
03:46:29    30 --> ...                      [tcl] synUtils::sendTool -active _icl_setToolSocket /tmp/smlnp4y6HN9
03:46:29    31 --> ...                          [tcl] synUtils::sendTool -active {_icl_start_rpc -version "Q-2020.03-SP1-1_Full64" -sync_file /tmp/vcs_dve_rpc.bxieaf.13664}
03:46:29    32 --> ...                              [tcl] synUtils::sendTool -active {_icl_createSharedMemory /tmp/vcs_dve_general.bxieaf.13664}
03:46:29    33 --> ...                                  [tcl] dveMisc::vbusExpand decoder_tb
03:46:29    34 --> ...                                      [tcl] config endofsim noexit
03:46:29    35 --> ...                                          [tcl] config onfail enable all
03:46:29    36 --> ...                                              [tcl] config syscaddplainmembers
03:46:29    37 --> ...                                                  [tcl] config syscaddsourcenames
03:46:29    38 --> ...                                                      [tcl] config syscaddstructtypes
03:46:29    39 --> ...                                                          [tcl] synopsys::listing -disable
03:46:34    40 --> ...                                                              [tcl] synopsys::dump -add {decoder_tb} -scope "." -depth 1 -fid VPD0
03:46:36    41 --> ...                                                                  [tcl] synopsys::run
03:46:36    42 --> ...                                                                      [tcl] set ucliGUI::state
03:46:36    43 --> ...                                                                          [tcl] gui_update_simulator_buttons
03:46:36    44 --> ...                                                                              [tcl] set ucliGUI::state
03:46:36    45 --> ...                                                                                  [tcl] set ucliGUI::state
03:46:36    46 --> ...                                                                                      [tcl] set ucliGUI::state
03:46:36    47 --> ...                                                                                          [tcl] catch {senv activeDomain} dveMisc::result 
03:46:36    48 --> ...                                                                                              [tcl] set dveMisc::result
03:46:36    49 --> ...                                                                                                  [tcl] gui_update_simulator_buttons
03:48:04    50 --> ...  [tcl] ucliGUI::getSignalValues -scope decoder_tb -radix {symbolic } -list {CLK_PERIOD }
03:48:38    51 --> ...      [tcl] if [catch {gui_sim_terminate}] {gui_sim_terminate -kill}
03:48:38    52 --> ...          [tcl] synopsys::finish
03:48:38    53 --> ...              [tcl] set ucliGUI::state
03:48:38    54 --> ...                  [tcl] gui_update_simulator_buttons
03:48:38    55 --> ...                      [tcl] set ucliGUI::state
03:48:38    56 --> ...                          [tcl] catch {senv activeDomain} dveMisc::result 
03:48:38    57 --> ...                              [tcl] set dveMisc::result
03:48:38    58 --> ...                                  [tcl] gui_update_simulator_buttons
03:48:38    59 --> ...                                      [tcl] catch {senv activeDomain} dveMisc::result 
03:48:38    60 --> ...                                          [tcl] set dveMisc::result
03:48:38    61 --> ...                                              [tcl] ucli_exit
