*----------------------------------------------------------------------------------------
*	Innovus 20.10-p004_1 (64bit) 05/07/2020 20:02 (Linux 2.6.32-431.11.2.el6.x86_64)
*	
*
* 	Date & Time:	2022-Apr-29 00:15:55 (2022-Apr-28 16:15:55 GMT)
*
*----------------------------------------------------------------------------------------
*
*	Design: digitalControlBlock
*
*	Liberty Libraries used: 
*
*	Power Domain used: 
*
*       User-Defined Activity : N.A.
*
*       Activity File: N.A.
*
*       Hierarchical Global Activity: N.A.
*
*       Global Activity: N.A.
*
*       Sequential Element Activity: N.A.
*
*       Primary Input Activity: N.A.
*
*       Default icg ratio: N.A.
*
*       Global Comb ClockGate Ratio: N.A.
*
*	Power Units = 1mW
*
*	Time Units = 1e-09 secs 
*
*       report_power -outfile reports/digitalControlBlock.routed.power.rpt
*
-----------------------------------------------------------------------------------------


Total Power 
-----------------------------------------------------------------------------------------
Total Internal Power:        0.00000000 	    0.0000%
Total Switching Power:       0.00000000 	    0.0000%
Total Leakage Power:         0.00000000 	    0.0000%
Total Power:                 0.00000000 
-----------------------------------------------------------------------------------------


Group                           Internal   Switching     Leakage       Total  Percentage 
                                Power      Power         Power         Power  (%)        
-----------------------------------------------------------------------------------------
Sequential                             0           0           0           0           0 
Macro                                  0           0           0           0           0 
IO                                     0           0           0           0           0 
Combinational                          0           0           0           0           0 
Clock (Combinational)                  0           0           0           0           0 
Clock (Sequential)                     0           0           0           0           0 
-----------------------------------------------------------------------------------------
Total                                  0           0           0           0         100 
-----------------------------------------------------------------------------------------


-----------------------------------------------------------------------------------------
*	Power Distribution Summary: 
*                Highest Average Power: SRblock/reg13BitB/current_reg_12_ (DFFSRX1):                0 
*                Highest Leakage Power: SRblock/reg13BitB/current_reg_12_ (DFFSRX1):                0 
*          Total Cap:          0 F
*          Total instances in design:   201
*          Total instances in design with no power:   201
*          Total instances in design with no activity:     0
*          Total Fillers and Decap:   201
-----------------------------------------------------------------------------------------

