23:38:52    16 -->                                                             [tcl] ucliGUI::connect -toolargs -ucligui -toolexe ./simv -pid 10199 -toolin /tmp/vcs_20220419153848_10198_jrenal..stdin -toolout /tmp/vcs_20220419153848_10198_jrenal..stdout  
23:38:52    17 -->                                                                 [tcl] set ucliGUI::state
23:38:52    18 -->                                                                     [tcl] gui_update_simulator_buttons
23:38:53    19 -->                                                                         [tcl] set ucliGUI::state
23:38:53    20 -->                                                                             [tcl] ucliCore::getToolPID
23:38:53    21 -->                                                                                 [tcl] synopsys::env hasTB
23:38:53    22 -->                                                                                     [tcl] trigger_hier_stack_context_switch 0
23:38:53    23 -->                                                                                         [tcl] synUtils::setDVEInitPhase 1
23:38:53    24 -->                                                                                             [tcl] gui_get_env SIMSETUP::SIMVPD
23:38:53    25 --> ...  [tcl] synopsys::dump -type VPD -file /afs/ee.ust.hk/staff/ee/jrenal/Implementation_8/manchester_dec/layout_sim/inter.vpd -locking
23:38:53    26 --> ...      [tcl] synopsys::dump -autoflush on -fid VPD0
23:38:53    27 --> ...          [tcl] set ::dve_fid VPD0
23:38:53    28 --> ...              [tcl] synUtils::setDVEInitPhase 0
23:38:53    29 --> ...                  [tcl] ucliCore::getToolPID
23:38:53    30 --> ...                      [tcl] synUtils::sendTool -active _icl_setToolSocket /tmp/smlnpgQHSb3
23:38:53    31 --> ...                          [tcl] synUtils::sendTool -active {_icl_start_rpc -version "Q-2020.03-SP1-1_Full64" -sync_file /tmp/vcs_dve_rpc.jrenal.10199}
23:38:53    32 --> ...                              [tcl] synUtils::sendTool -active {_icl_createSharedMemory /tmp/vcs_dve_general.jrenal.10199}
23:38:53    33 --> ...                                  [tcl] dveMisc::vbusExpand manchester_dec_tb
23:38:53    34 --> ...                                      [tcl] config endofsim noexit
23:38:53    35 --> ...                                          [tcl] config onfail enable all
23:38:53    36 --> ...                                              [tcl] config syscaddplainmembers
23:38:53    37 --> ...                                                  [tcl] config syscaddsourcenames
23:38:54    38 --> ...                                                      [tcl] config syscaddstructtypes
23:38:54    39 --> ...                                                          [tcl] synopsys::listing -disable
23:38:59    40 --> ...                                                              [tcl] ucliGUI::vpdAddHierarchy -scope manchester_dec_tb -depth 1 -file /afs/ee.ust.hk/staff/ee/jrenal/Implementation_8/manchester_dec/layout_sim/inter.vpd; synopsys::dump -flush VPD0
23:38:59    41 --> ...                                                                  [tcl] synopsys::dump -add {manchester_dec_tb.balanced_clk manchester_dec_tb.manchester_data manchester_dec_tb.osc manchester_dec_tb.recovered_data manchester_dec_tb.rst_n } -aggregates  -fid VPD0
23:39:02    42 --> ...                                                                      [tcl] synopsys::run
23:39:02    43 --> ...                                                                          [tcl] set ucliGUI::state
23:39:02    44 --> ...                                                                              [tcl] gui_update_simulator_buttons
23:39:02    45 --> ...                                                                                  [tcl] set ucliGUI::state
23:39:02    46 --> ...                                                                                      [tcl] set ucliGUI::state
23:39:02    47 --> ...                                                                                          [tcl] set ucliGUI::state
23:39:02    48 --> ...                                                                                              [tcl] catch {senv activeDomain} dveMisc::result 
23:39:02    49 --> ...                                                                                                  [tcl] set dveMisc::result
23:39:02    50 --> ...  [tcl] gui_update_simulator_buttons
23:40:24    51 --> ...      [tcl] if [catch {gui_sim_terminate}] {gui_sim_terminate -kill}
23:40:24    52 --> ...          [tcl] synopsys::finish
23:40:24    53 --> ...              [tcl] set ucliGUI::state
23:40:24    54 --> ...                  [tcl] gui_update_simulator_buttons
23:40:24    55 --> ...                      [tcl] set ucliGUI::state
23:40:24    56 --> ...                          [tcl] catch {senv activeDomain} dveMisc::result 
23:40:24    57 --> ...                              [tcl] set dveMisc::result
23:40:24    58 --> ...                                  [tcl] gui_update_simulator_buttons
23:40:24    59 --> ...                                      [tcl] catch {senv activeDomain} dveMisc::result 
23:40:24    60 --> ...                                          [tcl] set dveMisc::result
23:40:24    61 --> ...                                              [tcl] ucli_exit
