set ucliGUI::state
set ucliGUI::state
ucliCore::getToolPID
synopsys::env hasTB
trigger_hier_stack_context_switch 0
synUtils::setDVEInitPhase 1
synopsys::dump -type VPD -file /afs/ee.ust.hk/staff/ee/bxieaf/eesm6980/implementation_9/syn_sim/inter.vpd -locking
synopsys::dump -autoflush on -fid VPD0
set ::dve_fid VPD0
synUtils::setDVEInitPhase 0
ucliCore::getToolPID
synUtils::sendTool -active _icl_setToolSocket /tmp/smlnpELrR4z
synUtils::sendTool -active {_icl_start_rpc -version "Q-2020.03-SP1-1_Full64" -sync_file /tmp/vcs_dve_rpc.bxieaf.31465}
synUtils::sendTool -active {_icl_createSharedMemory /tmp/vcs_dve_general.bxieaf.31465}
config endofsim noexit
config onfail enable all
config syscaddplainmembers
config syscaddsourcenames
config syscaddstructtypes
synopsys::listing -disable
tcl_source /usr/eelocal/synopsys/vcs-vq2020.03-sp1-1/gui/dve/auxx/gui/dve/schematic.tcl
tcl_source /usr/eelocal/synopsys/vcs-vq2020.03-sp1-1/gui/dve/auxx/gui/common/schematic/base.tcl
tcl_source /usr/eelocal/synopsys/vcs-vq2020.03-sp1-1/gui/dve/auxx/gui/common/schematic/enable.tcl
tcl_source /usr/eelocal/synopsys/vcs-vq2020.03-sp1-1/gui/dve/auxx/gui/common/schematic/netlist.tcl
tcl_source /usr/eelocal/synopsys/vcs-vq2020.03-sp1-1/gui/dve/auxx/gui/common/schematic/method.tcl
tcl_source /usr/eelocal/synopsys/vcs-vq2020.03-sp1-1/gui/dve/auxx/gui/common/strokes/stroke_defaults.tcl
tcl_source /usr/eelocal/synopsys/vcs-vq2020.03-sp1-1/gui/dve/auxx/gui/common/dialogs/ObjectListInfo.tcl
tcl_source /usr/eelocal/synopsys/vcs-vq2020.03-sp1-1/gui/dve/auxx/gui/common/schematic/DialogPathSchematicFanInOut.tcl
tcl_source /usr/eelocal/synopsys/vcs-vq2020.03-sp1-1/gui/dve/auxx/gui/dve/driversloads.tcl
if [catch {gui_sim_terminate}] {gui_sim_terminate -kill}
synopsys::finish
set ucliGUI::state
set ucliGUI::state
ucli_exit
