# Preference setting overrides
gui_create_pref_key -category {Globals} -key {load_detail_for_funcov} -value_type {bool} -value {false}
gui_create_pref_category -category {schem_obj_name}
gui_create_pref_key -category {schem_obj_name} -key {show_cell_and_pin_with_symbol_name} -value_type {bool} -value {false}
gui_create_pref_key -category {schem_pin_hc} -key {textExtFont} -value_type {string} -value {Helvetica,10,-1,5,50,0,0,0,0,0}

# State setting overrides
gui_state_default_create -off -ini
gui_set_state_value -category Layout -key child_console_size_x -value 1695
gui_set_state_value -category Layout -key child_console_size_y -value 172
gui_set_state_value -category Layout -key child_data_size_x -value 105
gui_set_state_value -category Layout -key child_data_size_y -value 601
gui_set_state_value -category Layout -key child_driver_size_x -value 1424
gui_set_state_value -category Layout -key child_driver_size_y -value 179
gui_set_state_value -category Layout -key child_hier_col3 -value {-1}
gui_set_state_value -category Layout -key child_hier_colhier -value 306
gui_set_state_value -category Layout -key child_hier_colpd -value 0
gui_set_state_value -category Layout -key child_hier_coltype -value 10
gui_set_state_value -category Layout -key child_hier_size_x -value 270
gui_set_state_value -category Layout -key child_hier_size_y -value 601
gui_set_state_value -category Layout -key child_schematic_docknewline -value false
gui_set_state_value -category Layout -key child_schematic_pos_x -value {-2}
gui_set_state_value -category Layout -key child_schematic_pos_y -value {-15}
gui_set_state_value -category Layout -key child_schematic_size_x -value 1323
gui_set_state_value -category Layout -key child_schematic_size_y -value 596
gui_set_state_value -category Layout -key child_source_docknewline -value false
gui_set_state_value -category Layout -key child_source_pos_x -value {-2}
gui_set_state_value -category Layout -key child_source_pos_y -value {-15}
gui_set_state_value -category Layout -key child_source_size_x -value 1323
gui_set_state_value -category Layout -key child_source_size_y -value 596
gui_set_state_value -category Layout -key child_watch_size_x -value 1706
gui_set_state_value -category Layout -key child_watch_size_y -value 211
gui_set_state_value -category Layout -key child_wave_colname -value 235
gui_set_state_value -category Layout -key child_wave_colvalue -value 235
gui_set_state_value -category Layout -key child_wave_docknewline -value false
gui_set_state_value -category Layout -key child_wave_left -value 474
gui_set_state_value -category Layout -key child_wave_pos_x -value {-2}
gui_set_state_value -category Layout -key child_wave_pos_y -value {-15}
gui_set_state_value -category Layout -key child_wave_right -value 1155
gui_set_state_value -category Layout -key child_wave_size_x -value 1711
gui_set_state_value -category Layout -key child_wave_size_y -value 568
gui_set_state_value -category Layout -key main_pos_x -value 8
gui_set_state_value -category Layout -key main_pos_y -value 31
gui_set_state_value -category Layout -key main_size_x -value 1703
gui_set_state_value -category Layout -key main_size_y -value 903
gui_set_state_value -category Layout -key stand_wave_child_docknewline -value false
gui_set_state_value -category Layout -key stand_wave_child_pos_x -value {-2}
gui_set_state_value -category Layout -key stand_wave_child_pos_y -value {-15}
gui_set_state_value -category Layout -key stand_wave_child_size_x -value 1639
gui_set_state_value -category Layout -key stand_wave_child_size_y -value 750
gui_set_state_value -category Layout -key stand_wave_top_pos_x -value 8
gui_set_state_value -category Layout -key stand_wave_top_pos_y -value 31
gui_set_state_value -category Layout -key stand_wave_top_size_x -value 1642
gui_set_state_value -category Layout -key stand_wave_top_size_y -value 885
gui_create_state_key -category FindDialog -key m_pMatchCase -value_type bool -value false
gui_create_state_key -category FindDialog -key m_pMatchWord -value_type bool -value false
gui_create_state_key -category FindDialog -key m_pUseCombo -value_type string -value {}
gui_create_state_key -category FindDialog -key m_pWrapAround -value_type bool -value true
gui_create_state_key -category Widget_History -key {dlgSimSetup|m_setupTab|tab pages|BuildTab|m_rebuildBtnGroup|m_customCmdCombo} -value_type string -value {{source ./run_digitalControlBlock} {source ./run_encoder} ./run}
gui_create_state_key -category Widget_History -key {dlgSimSetup|m_setupTab|tab pages|BuildTab|m_rebuildBtnGroup|m_customDirCombo} -value_type string -value {./ / /afs/ee.ust.hk/staff/ee/bxieaf/eesm5020/bk_adder/behav_sim/}
gui_create_state_key -category Widget_History -key {dlgSimSetup|m_setupTab|tab pages|SimTab|m_VPDCombo} -value_type string -value inter.vpd
gui_create_state_key -category Widget_History -key {dlgSimSetup|m_setupTab|tab pages|SimTab|m_argsCombo} -value_type string -value {{-ucligui }}
gui_create_state_key -category Widget_History -key {dlgSimSetup|m_setupTab|tab pages|SimTab|m_curDirCombo} -value_type string -value {/afs/ee.ust.hk/staff/ee/bxieaf/eesm6980/implementation_9/behav_sim /afs/ee.ust.hk/staff/ee/bxieaf/eesm6980/implementation_8/8ManchesterDecoder/behav_sim /afs/ee.ust.hk/staff/ee/bxieaf/eesm5020/7LEDOutputControl/behav_sim /afs/ee.ust.hk/staff/ee/bxieaf/eesm5020/bk_adder/behav_sim}
gui_create_state_key -category Widget_History -key {dlgSimSetup|m_setupTab|tab pages|SimTab|m_exeCombo} -value_type string -value {/afs/ee.ust.hk/staff/ee/bxieaf/eesm6980/implementation_9/behav_sim/simv ./simv /afs/ee.ust.hk/staff/ee/bxieaf/eesm5020/7LEDOutputControl/behav_sim/simv /afs/ee.ust.hk/staff/ee/bxieaf/eesm5020/bk_adder/behav_sim/simv}
gui_state_default_create -off

# Begin command logging
gui_sim_run Ucli -exe ./simv -args {-ucligui  } -dir .
gui_list_expand -id  Hier.1   encoder_tb
gui_list_expand -id  Hier.1   encoder_tb.uut2
gui_list_expand -id  Hier.1   encoder_tb.uut2.IDLEdetection1
gui_list_select -id Hier.1 -current_item_name encoder_tb.uut2.IDLEdetection1 -current_item_type Scope  -selected  { encoder_tb.uut2.IDLEdetection1   }
gui_list_select -id Hier.1 -current_item_name encoder_tb.uut2.IDLEdetection1.ed1 -current_item_type Scope  -selected  { encoder_tb.uut2.IDLEdetection1.ed1   }
gui_use_schematics 
gui_sch_show -name encoder_tb.uut2.IDLEdetection1.ed1
gui_zoom -window Schematic.1 -rect { {-16451 -4099} {26450 14131} }
gui_zoom -window Schematic.1 -rect { {-805 -16921} {57171 7715} }
gui_zoom -window Schematic.1 -rect { {-805 -16921} {57171 7715} }
gui_zoom -window Schematic.1 -rect { {-805 -16921} {57171 7715} }
gui_list_expand -id  Hier.1   encoder_tb.uut2.dff9
gui_list_expand -id  Hier.1   encoder_tb.uut2.metastablility_corrected_reData1
gui_list_expand -id  Hier.1   encoder_tb.uut2.metastablility_corrected_reData1.dff8
gui_schematic_select -id Schematic.1 -type {cell} -parent {encoder_tb.uut2.IDLEdetection1.ed1} {encoder_tb.uut2.IDLEdetection1.ed1.x1}
gui_open_source -active encoder_tb.uut2.IDLEdetection1.ed1.x1 -activate
