Checking out Encounter license ...
Virtuoso_Digital_Implem 8.1 license checkout succeeded.
	Maximum number of instance allowed (1 x 50000).
This Encounter release has been compiled with OA version 22.04-p044.
sourcing /usr/eelocal/cadence/soc81/etc/fe/rdaDSL.tcl
*******************************************************************
*   Copyright (c)  Cadence Design Systems, Inc.  1996 - 2009.     *
*                     All rights reserved.                        *
*                                                                 *
*                                                                 *
*                                                                 *
* This program contains confidential and trade secret information *
* of Cadence Design Systems, Inc. and is protected by copyright   *
* law and international treaties.  Any reproduction, use,         *
* distribution or disclosure of this program or any portion of it,*
* or any attempt to obtain a human-readable version of this       *
* program, without the express, prior written consent of          *
* Cadence Design Systems, Inc., is strictly prohibited.           *
*                                                                 *
*                 Cadence Design Systems, Inc.                    *
*                    2655 Seely Avenue                            *
*                   San Jose, CA 95134,  USA                      *
*                                                                 *
*                                                                 *
*******************************************************************

@(#)CDS: First Encounter v08.10-s338_1 (64bit) 10/01/2009 19:08 (Linux 2.6)
@(#)CDS: NanoRoute v08.10-s225 NR090922-1020/USR61-UB (database version 2.30, 85.1.1) {superthreading v1.11}
@(#)CDS: CeltIC v08.13-s302_1 (64bit) 09/16/2009 00:09:35 (Linux 2.6.9-67.0.10.ELsmp)
@(#)CDS: CTE v08.10-s251_1 (64bit) Sep 16 2009 13:51:57 (Linux 2.6.9-67.0.10.ELsmp)
@(#)CDS: CPE v08.13-s001
--- Starting "First Encounter v08.10-s338_1" on Sat May  7 00:49:55 2022 (mem=76.6M) ---
--- Running on EEX055 (x86_64 w/Linux 3.10.0-1160.53.1.el7.x86_64) ---
This version was compiled on Thu Oct 1 19:08:44 PDT 2009.
Set DBUPerIGU to 1000.
Set Default Mode Total Cap Scale Factor to 1.00
Set Detail Mode Total Cap Scale Factor to 1.00
Set Coupling Total Cap Scale Factor to 1.00
Set Default Total Res Scale Factor to 1.00
Set Detail Total Res Scale Factor to 1.00
Set net toggle Scale Factor to 1.00
Set Shrink Factor to 1.00000
<CMD> encMessage warning 0
Suppress "**WARN ..." messages.
<CMD> encMessage debug 0
<CMD> encMessage info 0
**ERROR: (SOCSYT-6300):	invalid command name "is_common_ui_mode"
<CMD> encMessage warning 0
Suppress "**WARN ..." messages.
<CMD> encMessage debug 0
<CMD> encMessage info 0
**ERROR: (SOCSYT-6300):	invalid command name "is_common_ui_mode"

*** Memory Usage v0.144.6.3 (Current mem = 211.180M, initial mem = 76.559M) ***
--- Ending "First Encounter" (totcpu=0:01:01, real=0:03:51, mem=211.2M) ---
