Information: Propagating switching activity (low effort zero delay simulation). (PWR-6)
Warning: Design has unannotated primary inputs. (PWR-414)
Warning: Design has unannotated sequential cell outputs. (PWR-415)
 
****************************************
Report : power
        -analysis_effort low
Design : manchester_dec
Version: P-2019.03-SP5
Date   : Wed Apr 13 10:20:42 2022
****************************************


Library(s) Used:

    GSCLib.db (File: /afs/ee.ust.hk/staff/ee/dept/public/eesm6980/digital/GSCLib3/src/GSCLib.db)


Operating Conditions: typical   Library: GSCLib.db
Wire Load Model Mode: top


Global Operating Voltage = 3    
Power-specific unit information :
    Voltage Units = 1V
    Capacitance Units = 1.000000pf
    Time Units = 1ns
    Dynamic Power Units = 1mW    (derived from V,C,T units)
    Leakage Power Units = 1nW


  Cell Internal Power  =  86.4048 uW   (76%)
  Net Switching Power  =  27.5695 uW   (24%)
                         ---------
Total Dynamic Power    = 113.9743 uW  (100%)

Cell Leakage Power     =   6.8781 nW

Information: report_power power group summary does not include estimated clock tree power. (PWR-789)

                 Internal         Switching           Leakage            Total
Power Group      Power            Power               Power              Power   (   %    )  Attrs
--------------------------------------------------------------------------------------------------
io_pad             0.0000            0.0000            0.0000            0.0000  (   0.00%)
memory             0.0000            0.0000            0.0000            0.0000  (   0.00%)
black_box          0.0000            0.0000            0.0000            0.0000  (   0.00%)
clock_network      0.0000            0.0000            0.0000            0.0000  (   0.00%)
register           0.0000            0.0000            0.0000            0.0000  (   0.00%)
sequential     5.8217e-02        2.7528e-03            4.4492        6.0974e-02  (  53.49%)
combinational  2.8188e-02        2.4817e-02            2.4289        5.3007e-02  (  46.51%)
--------------------------------------------------------------------------------------------------
Total          8.6405e-02 mW     2.7570e-02 mW         6.8781 nW         0.1140 mW
1
