 
****************************************
Report : area
Design : decoder
Version: P-2019.03-SP5
Date   : Fri May  6 13:28:28 2022
****************************************

Library(s) Used:

    GSCLib.db (File: /afs/ee.ust.hk/staff/ee/bxieaf/eesm6980/implementation_9/lib/GSCLib.db)

Number of ports:                           66
Number of nets:                           144
Number of cells:                           87
Number of combinational cells:             59
Number of sequential cells:                10
Number of macros/black boxes:               0
Number of buf/inv:                         21
Number of references:                       5

Combinational area:                  0.000000
Buf/Inv area:                        0.000000
Noncombinational area:               0.000000
Macro/Black Box area:                0.000000
Net Interconnect area:      undefined  (No wire load specified)

Total cell area:                     0.000000
Total area:                 undefined
1
