Warning : License for product VCSRuntime_Net(725) will expire within 10 days, on: 15-may-2022.
If you would like to temporarily disable this message, set 
 the VCS_LIC_EXPIRE_WARNING environment variable to the number of days
before expiration that you want this message to start (the minimum is 0).
Chronologic VCS simulator copyright 1991-2020
Contains Synopsys proprietary information.
Compiler version Q-2020.03-SP1-1_Full64; Runtime version Q-2020.03-SP1-1_Full64;  May  6 13:30 2022
Doing SDF annotation ...... Done
VCD+ Writer Q-2020.03-SP1-1_Full64 Copyright (c) 1991-2020 by Synopsys Inc.
The file '/afs/ee.ust.hk/staff/ee/bxieaf/eesm6980/implementation_8Update/syn_sim/inter.vpd' was opened successfully.

"/afs/ee.ust.hk/staff/ee/dept/public/eesm6980/digital/GSCLib3/verilog/GSCLib_3.0.v", 349: Timing violation in decoder_tb.uut.db1.counter1.count_reg_0_
    $setuphold( posedge CK &&& (RN_EQ_1_AN_SN_EQ_1 == 1'b1):41500, posedge D:41380, limits: (160,60) );

"/afs/ee.ust.hk/staff/ee/dept/public/eesm6980/digital/GSCLib3/verilog/GSCLib_3.0.v", 349: Timing violation in decoder_tb.uut.db1.counter1.count_reg_1_
    $setuphold( posedge CK &&& (RN_EQ_1_AN_SN_EQ_1 == 1'b1):41500, posedge D:41380, limits: (160,60) );

$finish called from file "../tb/decoder_tb.v", line 83.
$finish at simulation time               163000
Simulation complete, time is 163000 ps.
           V C S   S i m u l a t i o n   R e p o r t 
Time: 163000 ps
CPU Time:      0.550 seconds;       Data structure size:   0.0Mb
Fri May  6 13:34:41 2022
