13:30:39    16 -->                                                             [tcl] ucliGUI::connect -toolargs -ucligui -toolexe ./simv -pid 22105 -toolin /tmp/vcs_20220506053033_22102_bxieaf..stdin -toolout /tmp/vcs_20220506053033_22102_bxieaf..stdout  
13:30:39    17 -->                                                                 [tcl] set ucliGUI::state
13:30:39    18 -->                                                                     [tcl] gui_update_simulator_buttons
13:30:42    19 -->                                                                         [tcl] set ucliGUI::state
13:30:42    20 -->                                                                             [tcl] ucliCore::getToolPID
13:30:42    21 -->                                                                                 [tcl] synopsys::env hasTB
13:30:42    22 -->                                                                                     [tcl] trigger_hier_stack_context_switch 0
13:30:42    23 -->                                                                                         [tcl] synUtils::setDVEInitPhase 1
13:30:42    24 -->                                                                                             [tcl] gui_get_env SIMSETUP::SIMVPD
13:30:42    25 --> ...  [tcl] synopsys::dump -type VPD -file /afs/ee.ust.hk/staff/ee/bxieaf/eesm6980/implementation_8Update/syn_sim/inter.vpd -locking
13:30:42    26 --> ...      [tcl] synopsys::dump -autoflush on -fid VPD0
13:30:42    27 --> ...          [tcl] set ::dve_fid VPD0
13:30:42    28 --> ...              [tcl] synUtils::setDVEInitPhase 0
13:30:42    29 --> ...                  [tcl] ucliCore::getToolPID
13:30:42    30 --> ...                      [tcl] synUtils::sendTool -active _icl_setToolSocket /tmp/smlnpwkkuBx
13:30:42    31 --> ...                          [tcl] synUtils::sendTool -active {_icl_start_rpc -version "Q-2020.03-SP1-1_Full64" -sync_file /tmp/vcs_dve_rpc.bxieaf.22105}
13:30:43    32 --> ...                              [tcl] synUtils::sendTool -active {_icl_createSharedMemory /tmp/vcs_dve_general.bxieaf.22105}
13:30:43    33 --> ...                                  [tcl] dveMisc::vbusExpand decoder_tb
13:30:43    34 --> ...                                      [tcl] config endofsim noexit
13:30:43    35 --> ...                                          [tcl] config onfail enable all
13:30:43    36 --> ...                                              [tcl] config syscaddplainmembers
13:30:43    37 --> ...                                                  [tcl] config syscaddsourcenames
13:30:43    38 --> ...                                                      [tcl] config syscaddstructtypes
13:30:43    39 --> ...                                                          [tcl] synopsys::listing -disable
13:30:48    40 --> ...                                                              [tcl] synopsys::dump -add {decoder_tb} -scope "." -depth 1 -fid VPD0
13:30:51    41 --> ...                                                                  [tcl] synopsys::run
13:30:51    42 --> ...                                                                      [tcl] set ucliGUI::state
13:30:51    43 --> ...                                                                          [tcl] gui_update_simulator_buttons
13:30:51    44 --> ...                                                                              [tcl] set ucliGUI::state
13:30:51    45 --> ...                                                                                  [tcl] set ucliGUI::state
13:30:51    46 --> ...                                                                                      [tcl] set ucliGUI::state
13:30:51    47 --> ...                                                                                          [tcl] catch {senv activeDomain} dveMisc::result 
13:30:51    48 --> ...                                                                                              [tcl] set dveMisc::result
13:30:51    49 --> ...                                                                                                  [tcl] gui_update_simulator_buttons
13:34:41    50 --> ...  [tcl] if [catch {gui_sim_terminate}] {gui_sim_terminate -kill}
13:34:41    51 --> ...      [tcl] synopsys::finish
13:34:41    52 --> ...          [tcl] set ucliGUI::state
13:34:41    53 --> ...              [tcl] gui_update_simulator_buttons
13:34:41    54 --> ...                  [tcl] set ucliGUI::state
13:34:42    55 --> ...                      [tcl] catch {senv activeDomain} dveMisc::result 
13:34:42    56 --> ...                          [tcl] set dveMisc::result
13:34:42    57 --> ...                              [tcl] gui_update_simulator_buttons
13:34:42    58 --> ...                                  [tcl] catch {senv activeDomain} dveMisc::result 
13:34:42    59 --> ...                                      [tcl] set dveMisc::result
13:34:42    60 --> ...                                          [tcl] ucli_exit
