
Cadence Innovus(TM) Implementation System.
Copyright 2020 Cadence Design Systems, Inc. All rights reserved worldwide.

Version:	v20.10-p004_1, built Thu May 7 20:02:41 PDT 2020
Options:	
Date:		Wed May  4 04:12:03 2022
Host:		EEX055 (x86_64 w/Linux 3.10.0-1160.53.1.el7.x86_64) (7cores*14cpus*Common KVM processor 16384KB)
OS:		CentOS Linux release 7.9.2009 (Core)

License:
		invs	Innovus Implementation System	20.1	checkout succeeded
		8 CPU jobs allowed with the current license(s). Use setMultiCpuUsage to set your required CPU count.
**WARN: (IMPOPT-801):	Genus executable not found in PATH. Install Genus, add the path to the genus executable in the PATH variable and rerun Innovus.
Change the soft stacksize limit to 0.2%RAM (128 mbytes). Set global soft_stack_size_limit to change the value.

**INFO:  MMMC transition support version v31-84 

<CMD> set_global _enable_mmmc_by_default_flow      $CTE::mmmc_default
<CMD> suppressMessage ENCEXT-2799
<CMD> win
<CMD> save_global Default.globals
<CMD> set init_gnd_net GRND
<CMD> set init_lef_file ../lib/GSCLib_3.0.lef
<CMD> set init_verilog ../syn/results/LEDControl.mapped.v
<CMD> set init_io_file scripts/LEDControl.ioc
<CMD> set init_top_cell LEDcontrol
<CMD> set init_pwr_net POWR
<CMD> init_design

Loading LEF file ../lib/GSCLib_3.0.lef ...
Set DBUPerIGU to M2 pitch 1320.

viaInitial starts at Wed May  4 04:13:55 2022
**WARN: (IMPPP-557):	A single-layer VIARULE GENERATE for turn-vias is obsolete and is being ignored. Remove this statement from the technology file: VIARULE TURNMetal1 GENERATE.
Type 'man IMPPP-557' for more detail.
**WARN: (IMPPP-557):	A single-layer VIARULE GENERATE for turn-vias is obsolete and is being ignored. Remove this statement from the technology file: VIARULE TURNMetal2 GENERATE.
Type 'man IMPPP-557' for more detail.
**WARN: (IMPPP-557):	A single-layer VIARULE GENERATE for turn-vias is obsolete and is being ignored. Remove this statement from the technology file: VIARULE TURNMetal3 GENERATE.
Type 'man IMPPP-557' for more detail.
**WARN: (IMPPP-557):	A single-layer VIARULE GENERATE for turn-vias is obsolete and is being ignored. Remove this statement from the technology file: VIARULE TURNMetal4 GENERATE.
Type 'man IMPPP-557' for more detail.
**WARN: (IMPPP-557):	A single-layer VIARULE GENERATE for turn-vias is obsolete and is being ignored. Remove this statement from the technology file: VIARULE TURNMetal5 GENERATE.
Type 'man IMPPP-557' for more detail.
**WARN: (IMPPP-557):	A single-layer VIARULE GENERATE for turn-vias is obsolete and is being ignored. Remove this statement from the technology file: VIARULE TURNMetal6 GENERATE.
Type 'man IMPPP-557' for more detail.
viaInitial ends at Wed May  4 04:13:55 2022

##  Check design process and node:  
##  Both design process and tech node are not set.

*** End library_loading (cpu=0.00min, real=0.00min, mem=0.0M, fe_cpu=1.03min, fe_real=1.88min, fe_mem=778.5M) ***
#% Begin Load netlist data ... (date=05/04 04:13:55, mem=583.4M)
*** Begin netlist parsing (mem=778.5M) ***
Created 0 new cells from 0 timing libraries.
Reading netlist ...
Backslashed names will retain backslash and a trailing blank character.
Reading verilog netlist '../syn/results/LEDControl.mapped.v'

*** Memory Usage v#1 (Current mem = 780.512M, initial mem = 268.238M) ***
*** End netlist parsing (cpu=0:00:00.0, real=0:00:00.0, mem=780.5M) ***
#% End Load netlist data ... (date=05/04 04:13:55, total cpu=0:00:00.0, real=0:00:00.0, peak res=586.5M, current mem=586.5M)
**ERROR: (IMPSYC-300):	Cell LEDcontrol not found.
**ERROR: (IMPVL-904):	Can't set top cell to "LEDcontrol" because it does not exist.  Exiting!

*** Memory Usage v#1 (Current mem = 781.520M, initial mem = 268.238M) ***
*** Message Summary: 7 warning(s), 3 error(s)

--- Ending "Innovus" (totcpu=0:01:06, real=0:02:00, mem=781.5M) ---
